<?xml version="1.0" encoding="UTF-8"?>
<beans xmlns="http://www.springframework.org/schema/beans"
       xmlns:xsi="http://www.w3.org/2001/XMLSchema-instance" xmlns:p="http://www.springframework.org/schema/p"
       xmlns:context="http://www.springframework.org/schema/context"
       xmlns:mvc="http://www.springframework.org/schema/mvc"
       xsi:schemaLocation="
           http://www.springframework.org/schema/beans
           http://www.springframework.org/schema/beans/spring-beans-4.0.xsd
           http://www.springframework.org/schema/context
           http://www.springframework.org/schema/context/spring-context-4.0.xsd
           http://www.springframework.org/schema/mvc
           http://www.springframework.org/schema/mvc/spring-mvc-4.0.xsd">
    
	<!-- 开启注解驱动 -->
    <mvc:annotation-driven/>

    <mvc:resources location="/js/**" mapping="/js"/>
    <mvc:resources location="/themes/**" mapping="/themes"/>
    
    <!-- jsp页面解析器，当Controller返回XXX字符串时，先通过拦截器，然后该类就会在/WEB-INF/views/目录下，查找XXX.jsp文件-->
    <bean class="org.springframework.web.servlet.view.InternalResourceViewResolver">
        <property name="prefix" value="/WEB-INF/views/"></property>
        <property name="suffix" value=".jsp"></property>
    </bean>
    
    <context:component-scan base-package="com.wqh.test" />

</beans>